Start testing: Nov 21 04:49 UTC
----------------------------------------------------------
1/16 Testing: HttpMessageTest.ParseSimpleGetRequest
1/16 Test: HttpMessageTest.ParseSimpleGetRequest
Command: "/home/zav/Projects/http_cs/build/http_tests" "--gtest_filter=HttpMessageTest.ParseSimpleGetRequest" "--gtest_also_run_disabled_tests"
Directory: /home/zav/Projects/http_cs/build
"HttpMessageTest.ParseSimpleGetRequest" start time: Nov 21 04:49 UTC
Output:
----------------------------------------------------------
Running main() from /home/zav/Projects/http_cs/build/_deps/googletest-src/googletest/src/gtest_main.cc
Note: Google Test filter = HttpMessageTest.ParseSimpleGetRequest
[==========] Running 1 test from 1 test suite.
[----------] Global test environment set-up.
[----------] 1 test from HttpMessageTest
[ RUN      ] HttpMessageTest.ParseSimpleGetRequest
[       OK ] HttpMessageTest.ParseSimpleGetRequest (0 ms)
[----------] 1 test from HttpMessageTest (0 ms total)

[----------] Global test environment tear-down
[==========] 1 test from 1 test suite ran. (0 ms total)
[  PASSED  ] 1 test.
<end of output>
Test time =   0.00 sec
----------------------------------------------------------
Test Passed.
"HttpMessageTest.ParseSimpleGetRequest" end time: Nov 21 04:49 UTC
"HttpMessageTest.ParseSimpleGetRequest" time elapsed: 00:00:00
----------------------------------------------------------

2/16 Testing: HttpMessageTest.ParseSimpleOkResponse
2/16 Test: HttpMessageTest.ParseSimpleOkResponse
Command: "/home/zav/Projects/http_cs/build/http_tests" "--gtest_filter=HttpMessageTest.ParseSimpleOkResponse" "--gtest_also_run_disabled_tests"
Directory: /home/zav/Projects/http_cs/build
"HttpMessageTest.ParseSimpleOkResponse" start time: Nov 21 04:49 UTC
Output:
----------------------------------------------------------
Running main() from /home/zav/Projects/http_cs/build/_deps/googletest-src/googletest/src/gtest_main.cc
Note: Google Test filter = HttpMessageTest.ParseSimpleOkResponse
[==========] Running 1 test from 1 test suite.
[----------] Global test environment set-up.
[----------] 1 test from HttpMessageTest
[ RUN      ] HttpMessageTest.ParseSimpleOkResponse
[       OK ] HttpMessageTest.ParseSimpleOkResponse (0 ms)
[----------] 1 test from HttpMessageTest (0 ms total)

[----------] Global test environment tear-down
[==========] 1 test from 1 test suite ran. (0 ms total)
[  PASSED  ] 1 test.
<end of output>
Test time =   0.00 sec
----------------------------------------------------------
Test Passed.
"HttpMessageTest.ParseSimpleOkResponse" end time: Nov 21 04:49 UTC
"HttpMessageTest.ParseSimpleOkResponse" time elapsed: 00:00:00
----------------------------------------------------------

3/16 Testing: HttpMessageTest.ResponseSetHeaderOverwrites
3/16 Test: HttpMessageTest.ResponseSetHeaderOverwrites
Command: "/home/zav/Projects/http_cs/build/http_tests" "--gtest_filter=HttpMessageTest.ResponseSetHeaderOverwrites" "--gtest_also_run_disabled_tests"
Directory: /home/zav/Projects/http_cs/build
"HttpMessageTest.ResponseSetHeaderOverwrites" start time: Nov 21 04:49 UTC
Output:
----------------------------------------------------------
Running main() from /home/zav/Projects/http_cs/build/_deps/googletest-src/googletest/src/gtest_main.cc
Note: Google Test filter = HttpMessageTest.ResponseSetHeaderOverwrites
[==========] Running 1 test from 1 test suite.
[----------] Global test environment set-up.
[----------] 1 test from HttpMessageTest
[ RUN      ] HttpMessageTest.ResponseSetHeaderOverwrites
[       OK ] HttpMessageTest.ResponseSetHeaderOverwrites (0 ms)
[----------] 1 test from HttpMessageTest (0 ms total)

[----------] Global test environment tear-down
[==========] 1 test from 1 test suite ran. (0 ms total)
[  PASSED  ] 1 test.
<end of output>
Test time =   0.00 sec
----------------------------------------------------------
Test Passed.
"HttpMessageTest.ResponseSetHeaderOverwrites" end time: Nov 21 04:49 UTC
"HttpMessageTest.ResponseSetHeaderOverwrites" time elapsed: 00:00:00
----------------------------------------------------------

4/16 Testing: HttpMessageTest.RejectsRequestWithNoCRLF
4/16 Test: HttpMessageTest.RejectsRequestWithNoCRLF
Command: "/home/zav/Projects/http_cs/build/http_tests" "--gtest_filter=HttpMessageTest.RejectsRequestWithNoCRLF" "--gtest_also_run_disabled_tests"
Directory: /home/zav/Projects/http_cs/build
"HttpMessageTest.RejectsRequestWithNoCRLF" start time: Nov 21 04:49 UTC
Output:
----------------------------------------------------------
Running main() from /home/zav/Projects/http_cs/build/_deps/googletest-src/googletest/src/gtest_main.cc
Note: Google Test filter = HttpMessageTest.RejectsRequestWithNoCRLF
[==========] Running 1 test from 1 test suite.
[----------] Global test environment set-up.
[----------] 1 test from HttpMessageTest
[ RUN      ] HttpMessageTest.RejectsRequestWithNoCRLF
[       OK ] HttpMessageTest.RejectsRequestWithNoCRLF (0 ms)
[----------] 1 test from HttpMessageTest (0 ms total)

[----------] Global test environment tear-down
[==========] 1 test from 1 test suite ran. (0 ms total)
[  PASSED  ] 1 test.
<end of output>
Test time =   0.00 sec
----------------------------------------------------------
Test Passed.
"HttpMessageTest.RejectsRequestWithNoCRLF" end time: Nov 21 04:49 UTC
"HttpMessageTest.RejectsRequestWithNoCRLF" time elapsed: 00:00:00
----------------------------------------------------------

5/16 Testing: HttpMessageTest.RejectsRequestWithMissingSecondSpace
5/16 Test: HttpMessageTest.RejectsRequestWithMissingSecondSpace
Command: "/home/zav/Projects/http_cs/build/http_tests" "--gtest_filter=HttpMessageTest.RejectsRequestWithMissingSecondSpace" "--gtest_also_run_disabled_tests"
Directory: /home/zav/Projects/http_cs/build
"HttpMessageTest.RejectsRequestWithMissingSecondSpace" start time: Nov 21 04:49 UTC
Output:
----------------------------------------------------------
Running main() from /home/zav/Projects/http_cs/build/_deps/googletest-src/googletest/src/gtest_main.cc
Note: Google Test filter = HttpMessageTest.RejectsRequestWithMissingSecondSpace
[==========] Running 1 test from 1 test suite.
[----------] Global test environment set-up.
[----------] 1 test from HttpMessageTest
[ RUN      ] HttpMessageTest.RejectsRequestWithMissingSecondSpace
[       OK ] HttpMessageTest.RejectsRequestWithMissingSecondSpace (0 ms)
[----------] 1 test from HttpMessageTest (0 ms total)

[----------] Global test environment tear-down
[==========] 1 test from 1 test suite ran. (0 ms total)
[  PASSED  ] 1 test.
<end of output>
Test time =   0.00 sec
----------------------------------------------------------
Test Passed.
"HttpMessageTest.RejectsRequestWithMissingSecondSpace" end time: Nov 21 04:49 UTC
"HttpMessageTest.RejectsRequestWithMissingSecondSpace" time elapsed: 00:00:00
----------------------------------------------------------

6/16 Testing: HttpMessageTest.RejectsResponseWithNoCRLF
6/16 Test: HttpMessageTest.RejectsResponseWithNoCRLF
Command: "/home/zav/Projects/http_cs/build/http_tests" "--gtest_filter=HttpMessageTest.RejectsResponseWithNoCRLF" "--gtest_also_run_disabled_tests"
Directory: /home/zav/Projects/http_cs/build
"HttpMessageTest.RejectsResponseWithNoCRLF" start time: Nov 21 04:49 UTC
Output:
----------------------------------------------------------
Running main() from /home/zav/Projects/http_cs/build/_deps/googletest-src/googletest/src/gtest_main.cc
Note: Google Test filter = HttpMessageTest.RejectsResponseWithNoCRLF
[==========] Running 1 test from 1 test suite.
[----------] Global test environment set-up.
[----------] 1 test from HttpMessageTest
[ RUN      ] HttpMessageTest.RejectsResponseWithNoCRLF
[       OK ] HttpMessageTest.RejectsResponseWithNoCRLF (0 ms)
[----------] 1 test from HttpMessageTest (0 ms total)

[----------] Global test environment tear-down
[==========] 1 test from 1 test suite ran. (0 ms total)
[  PASSED  ] 1 test.
<end of output>
Test time =   0.00 sec
----------------------------------------------------------
Test Passed.
"HttpMessageTest.RejectsResponseWithNoCRLF" end time: Nov 21 04:49 UTC
"HttpMessageTest.RejectsResponseWithNoCRLF" time elapsed: 00:00:00
----------------------------------------------------------

7/16 Testing: HttpMessageTest.RejectsResponseWithNonNumericStatusCode
7/16 Test: HttpMessageTest.RejectsResponseWithNonNumericStatusCode
Command: "/home/zav/Projects/http_cs/build/http_tests" "--gtest_filter=HttpMessageTest.RejectsResponseWithNonNumericStatusCode" "--gtest_also_run_disabled_tests"
Directory: /home/zav/Projects/http_cs/build
"HttpMessageTest.RejectsResponseWithNonNumericStatusCode" start time: Nov 21 04:49 UTC
Output:
----------------------------------------------------------
Running main() from /home/zav/Projects/http_cs/build/_deps/googletest-src/googletest/src/gtest_main.cc
Note: Google Test filter = HttpMessageTest.RejectsResponseWithNonNumericStatusCode
[==========] Running 1 test from 1 test suite.
[----------] Global test environment set-up.
[----------] 1 test from HttpMessageTest
[ RUN      ] HttpMessageTest.RejectsResponseWithNonNumericStatusCode
[       OK ] HttpMessageTest.RejectsResponseWithNonNumericStatusCode (0 ms)
[----------] 1 test from HttpMessageTest (0 ms total)

[----------] Global test environment tear-down
[==========] 1 test from 1 test suite ran. (0 ms total)
[  PASSED  ] 1 test.
<end of output>
Test time =   0.00 sec
----------------------------------------------------------
Test Passed.
"HttpMessageTest.RejectsResponseWithNonNumericStatusCode" end time: Nov 21 04:49 UTC
"HttpMessageTest.RejectsResponseWithNonNumericStatusCode" time elapsed: 00:00:00
----------------------------------------------------------

8/16 Testing: HttpMessageTest.HeaderValueLookupIsNameExactMatch
8/16 Test: HttpMessageTest.HeaderValueLookupIsNameExactMatch
Command: "/home/zav/Projects/http_cs/build/http_tests" "--gtest_filter=HttpMessageTest.HeaderValueLookupIsNameExactMatch" "--gtest_also_run_disabled_tests"
Directory: /home/zav/Projects/http_cs/build
"HttpMessageTest.HeaderValueLookupIsNameExactMatch" start time: Nov 21 04:49 UTC
Output:
----------------------------------------------------------
Running main() from /home/zav/Projects/http_cs/build/_deps/googletest-src/googletest/src/gtest_main.cc
Note: Google Test filter = HttpMessageTest.HeaderValueLookupIsNameExactMatch
[==========] Running 1 test from 1 test suite.
[----------] Global test environment set-up.
[----------] 1 test from HttpMessageTest
[ RUN      ] HttpMessageTest.HeaderValueLookupIsNameExactMatch
[       OK ] HttpMessageTest.HeaderValueLookupIsNameExactMatch (0 ms)
[----------] 1 test from HttpMessageTest (0 ms total)

[----------] Global test environment tear-down
[==========] 1 test from 1 test suite ran. (0 ms total)
[  PASSED  ] 1 test.
<end of output>
Test time =   0.00 sec
----------------------------------------------------------
Test Passed.
"HttpMessageTest.HeaderValueLookupIsNameExactMatch" end time: Nov 21 04:49 UTC
"HttpMessageTest.HeaderValueLookupIsNameExactMatch" time elapsed: 00:00:00
----------------------------------------------------------

9/16 Testing: HttpMessageTest.RejectsResponseWithNoBlankLineAfterHeaders
9/16 Test: HttpMessageTest.RejectsResponseWithNoBlankLineAfterHeaders
Command: "/home/zav/Projects/http_cs/build/http_tests" "--gtest_filter=HttpMessageTest.RejectsResponseWithNoBlankLineAfterHeaders" "--gtest_also_run_disabled_tests"
Directory: /home/zav/Projects/http_cs/build
"HttpMessageTest.RejectsResponseWithNoBlankLineAfterHeaders" start time: Nov 21 04:49 UTC
Output:
----------------------------------------------------------
Running main() from /home/zav/Projects/http_cs/build/_deps/googletest-src/googletest/src/gtest_main.cc
Note: Google Test filter = HttpMessageTest.RejectsResponseWithNoBlankLineAfterHeaders
[==========] Running 1 test from 1 test suite.
[----------] Global test environment set-up.
[----------] 1 test from HttpMessageTest
[ RUN      ] HttpMessageTest.RejectsResponseWithNoBlankLineAfterHeaders
[       OK ] HttpMessageTest.RejectsResponseWithNoBlankLineAfterHeaders (0 ms)
[----------] 1 test from HttpMessageTest (0 ms total)

[----------] Global test environment tear-down
[==========] 1 test from 1 test suite ran. (0 ms total)
[  PASSED  ] 1 test.
<end of output>
Test time =   0.00 sec
----------------------------------------------------------
Test Passed.
"HttpMessageTest.RejectsResponseWithNoBlankLineAfterHeaders" end time: Nov 21 04:49 UTC
"HttpMessageTest.RejectsResponseWithNoBlankLineAfterHeaders" time elapsed: 00:00:00
----------------------------------------------------------

10/16 Testing: HttpMessageTest.RejectsRequestWithTooLargeHeaders
10/16 Test: HttpMessageTest.RejectsRequestWithTooLargeHeaders
Command: "/home/zav/Projects/http_cs/build/http_tests" "--gtest_filter=HttpMessageTest.RejectsRequestWithTooLargeHeaders" "--gtest_also_run_disabled_tests"
Directory: /home/zav/Projects/http_cs/build
"HttpMessageTest.RejectsRequestWithTooLargeHeaders" start time: Nov 21 04:49 UTC
Output:
----------------------------------------------------------
Running main() from /home/zav/Projects/http_cs/build/_deps/googletest-src/googletest/src/gtest_main.cc
Note: Google Test filter = HttpMessageTest.RejectsRequestWithTooLargeHeaders
[==========] Running 1 test from 1 test suite.
[----------] Global test environment set-up.
[----------] 1 test from HttpMessageTest
[ RUN      ] HttpMessageTest.RejectsRequestWithTooLargeHeaders
[       OK ] HttpMessageTest.RejectsRequestWithTooLargeHeaders (0 ms)
[----------] 1 test from HttpMessageTest (0 ms total)

[----------] Global test environment tear-down
[==========] 1 test from 1 test suite ran. (0 ms total)
[  PASSED  ] 1 test.
<end of output>
Test time =   0.00 sec
----------------------------------------------------------
Test Passed.
"HttpMessageTest.RejectsRequestWithTooLargeHeaders" end time: Nov 21 04:49 UTC
"HttpMessageTest.RejectsRequestWithTooLargeHeaders" time elapsed: 00:00:00
----------------------------------------------------------

11/16 Testing: ServeStaticTest.ServesIndexForRootPath
11/16 Test: ServeStaticTest.ServesIndexForRootPath
Command: "/home/zav/Projects/http_cs/build/http_tests" "--gtest_filter=ServeStaticTest.ServesIndexForRootPath" "--gtest_also_run_disabled_tests"
Directory: /home/zav/Projects/http_cs/build
"ServeStaticTest.ServesIndexForRootPath" start time: Nov 21 04:49 UTC
Output:
----------------------------------------------------------
Running main() from /home/zav/Projects/http_cs/build/_deps/googletest-src/googletest/src/gtest_main.cc
Note: Google Test filter = ServeStaticTest.ServesIndexForRootPath
[==========] Running 1 test from 1 test suite.
[----------] Global test environment set-up.
[----------] 1 test from ServeStaticTest
[ RUN      ] ServeStaticTest.ServesIndexForRootPath
[       OK ] ServeStaticTest.ServesIndexForRootPath (0 ms)
[----------] 1 test from ServeStaticTest (0 ms total)

[----------] Global test environment tear-down
[==========] 1 test from 1 test suite ran. (0 ms total)
[  PASSED  ] 1 test.
<end of output>
Test time =   0.00 sec
----------------------------------------------------------
Test Passed.
"ServeStaticTest.ServesIndexForRootPath" end time: Nov 21 04:49 UTC
"ServeStaticTest.ServesIndexForRootPath" time elapsed: 00:00:00
----------------------------------------------------------

12/16 Testing: ServeStaticTest.ServesArbitraryFileUnderDocRoot
12/16 Test: ServeStaticTest.ServesArbitraryFileUnderDocRoot
Command: "/home/zav/Projects/http_cs/build/http_tests" "--gtest_filter=ServeStaticTest.ServesArbitraryFileUnderDocRoot" "--gtest_also_run_disabled_tests"
Directory: /home/zav/Projects/http_cs/build
"ServeStaticTest.ServesArbitraryFileUnderDocRoot" start time: Nov 21 04:49 UTC
Output:
----------------------------------------------------------
Running main() from /home/zav/Projects/http_cs/build/_deps/googletest-src/googletest/src/gtest_main.cc
Note: Google Test filter = ServeStaticTest.ServesArbitraryFileUnderDocRoot
[==========] Running 1 test from 1 test suite.
[----------] Global test environment set-up.
[----------] 1 test from ServeStaticTest
[ RUN      ] ServeStaticTest.ServesArbitraryFileUnderDocRoot
[       OK ] ServeStaticTest.ServesArbitraryFileUnderDocRoot (0 ms)
[----------] 1 test from ServeStaticTest (0 ms total)

[----------] Global test environment tear-down
[==========] 1 test from 1 test suite ran. (0 ms total)
[  PASSED  ] 1 test.
<end of output>
Test time =   0.00 sec
----------------------------------------------------------
Test Passed.
"ServeStaticTest.ServesArbitraryFileUnderDocRoot" end time: Nov 21 04:49 UTC
"ServeStaticTest.ServesArbitraryFileUnderDocRoot" time elapsed: 00:00:00
----------------------------------------------------------

13/16 Testing: ServeStaticTest.RejectsPathTraversalOutsideDocRoot
13/16 Test: ServeStaticTest.RejectsPathTraversalOutsideDocRoot
Command: "/home/zav/Projects/http_cs/build/http_tests" "--gtest_filter=ServeStaticTest.RejectsPathTraversalOutsideDocRoot" "--gtest_also_run_disabled_tests"
Directory: /home/zav/Projects/http_cs/build
"ServeStaticTest.RejectsPathTraversalOutsideDocRoot" start time: Nov 21 04:49 UTC
Output:
----------------------------------------------------------
Running main() from /home/zav/Projects/http_cs/build/_deps/googletest-src/googletest/src/gtest_main.cc
Note: Google Test filter = ServeStaticTest.RejectsPathTraversalOutsideDocRoot
[==========] Running 1 test from 1 test suite.
[----------] Global test environment set-up.
[----------] 1 test from ServeStaticTest
[ RUN      ] ServeStaticTest.RejectsPathTraversalOutsideDocRoot
[       OK ] ServeStaticTest.RejectsPathTraversalOutsideDocRoot (0 ms)
[----------] 1 test from ServeStaticTest (0 ms total)

[----------] Global test environment tear-down
[==========] 1 test from 1 test suite ran. (0 ms total)
[  PASSED  ] 1 test.
<end of output>
Test time =   0.00 sec
----------------------------------------------------------
Test Passed.
"ServeStaticTest.RejectsPathTraversalOutsideDocRoot" end time: Nov 21 04:49 UTC
"ServeStaticTest.RejectsPathTraversalOutsideDocRoot" time elapsed: 00:00:00
----------------------------------------------------------

14/16 Testing: ServeStaticTest.ReturnsFalseForNonGetMethods
14/16 Test: ServeStaticTest.ReturnsFalseForNonGetMethods
Command: "/home/zav/Projects/http_cs/build/http_tests" "--gtest_filter=ServeStaticTest.ReturnsFalseForNonGetMethods" "--gtest_also_run_disabled_tests"
Directory: /home/zav/Projects/http_cs/build
"ServeStaticTest.ReturnsFalseForNonGetMethods" start time: Nov 21 04:49 UTC
Output:
----------------------------------------------------------
Running main() from /home/zav/Projects/http_cs/build/_deps/googletest-src/googletest/src/gtest_main.cc
Note: Google Test filter = ServeStaticTest.ReturnsFalseForNonGetMethods
[==========] Running 1 test from 1 test suite.
[----------] Global test environment set-up.
[----------] 1 test from ServeStaticTest
[ RUN      ] ServeStaticTest.ReturnsFalseForNonGetMethods
[       OK ] ServeStaticTest.ReturnsFalseForNonGetMethods (0 ms)
[----------] 1 test from ServeStaticTest (0 ms total)

[----------] Global test environment tear-down
[==========] 1 test from 1 test suite ran. (0 ms total)
[  PASSED  ] 1 test.
<end of output>
Test time =   0.00 sec
----------------------------------------------------------
Test Passed.
"ServeStaticTest.ReturnsFalseForNonGetMethods" end time: Nov 21 04:49 UTC
"ServeStaticTest.ReturnsFalseForNonGetMethods" time elapsed: 00:00:00
----------------------------------------------------------

15/16 Testing: ServeStaticTest.SetsContentTypeForHtml
15/16 Test: ServeStaticTest.SetsContentTypeForHtml
Command: "/home/zav/Projects/http_cs/build/http_tests" "--gtest_filter=ServeStaticTest.SetsContentTypeForHtml" "--gtest_also_run_disabled_tests"
Directory: /home/zav/Projects/http_cs/build
"ServeStaticTest.SetsContentTypeForHtml" start time: Nov 21 04:49 UTC
Output:
----------------------------------------------------------
Running main() from /home/zav/Projects/http_cs/build/_deps/googletest-src/googletest/src/gtest_main.cc
Note: Google Test filter = ServeStaticTest.SetsContentTypeForHtml
[==========] Running 1 test from 1 test suite.
[----------] Global test environment set-up.
[----------] 1 test from ServeStaticTest
[ RUN      ] ServeStaticTest.SetsContentTypeForHtml
[       OK ] ServeStaticTest.SetsContentTypeForHtml (0 ms)
[----------] 1 test from ServeStaticTest (0 ms total)

[----------] Global test environment tear-down
[==========] 1 test from 1 test suite ran. (0 ms total)
[  PASSED  ] 1 test.
<end of output>
Test time =   0.00 sec
----------------------------------------------------------
Test Passed.
"ServeStaticTest.SetsContentTypeForHtml" end time: Nov 21 04:49 UTC
"ServeStaticTest.SetsContentTypeForHtml" time elapsed: 00:00:00
----------------------------------------------------------

16/16 Testing: ServeStaticTest.SetsContentTypeForTxt
16/16 Test: ServeStaticTest.SetsContentTypeForTxt
Command: "/home/zav/Projects/http_cs/build/http_tests" "--gtest_filter=ServeStaticTest.SetsContentTypeForTxt" "--gtest_also_run_disabled_tests"
Directory: /home/zav/Projects/http_cs/build
"ServeStaticTest.SetsContentTypeForTxt" start time: Nov 21 04:49 UTC
Output:
----------------------------------------------------------
Running main() from /home/zav/Projects/http_cs/build/_deps/googletest-src/googletest/src/gtest_main.cc
Note: Google Test filter = ServeStaticTest.SetsContentTypeForTxt
[==========] Running 1 test from 1 test suite.
[----------] Global test environment set-up.
[----------] 1 test from ServeStaticTest
[ RUN      ] ServeStaticTest.SetsContentTypeForTxt
[       OK ] ServeStaticTest.SetsContentTypeForTxt (0 ms)
[----------] 1 test from ServeStaticTest (0 ms total)

[----------] Global test environment tear-down
[==========] 1 test from 1 test suite ran. (0 ms total)
[  PASSED  ] 1 test.
<end of output>
Test time =   0.00 sec
----------------------------------------------------------
Test Passed.
"ServeStaticTest.SetsContentTypeForTxt" end time: Nov 21 04:49 UTC
"ServeStaticTest.SetsContentTypeForTxt" time elapsed: 00:00:00
----------------------------------------------------------

End testing: Nov 21 04:49 UTC
