Start testing: Nov 21 03:23 UTC
----------------------------------------------------------
1/10 Testing: HttpMessageTest.ParseSimpleGetRequest
1/10 Test: HttpMessageTest.ParseSimpleGetRequest
Command: "/home/zav/Projects/http_cs/build/http_tests" "--gtest_filter=HttpMessageTest.ParseSimpleGetRequest" "--gtest_also_run_disabled_tests"
Directory: /home/zav/Projects/http_cs/build
"HttpMessageTest.ParseSimpleGetRequest" start time: Nov 21 03:23 UTC
Output:
----------------------------------------------------------
Running main() from /home/zav/Projects/http_cs/build/_deps/googletest-src/googletest/src/gtest_main.cc
Note: Google Test filter = HttpMessageTest.ParseSimpleGetRequest
[==========] Running 1 test from 1 test suite.
[----------] Global test environment set-up.
[----------] 1 test from HttpMessageTest
[ RUN      ] HttpMessageTest.ParseSimpleGetRequest
[       OK ] HttpMessageTest.ParseSimpleGetRequest (0 ms)
[----------] 1 test from HttpMessageTest (0 ms total)

[----------] Global test environment tear-down
[==========] 1 test from 1 test suite ran. (0 ms total)
[  PASSED  ] 1 test.
<end of output>
Test time =   0.00 sec
----------------------------------------------------------
Test Passed.
"HttpMessageTest.ParseSimpleGetRequest" end time: Nov 21 03:23 UTC
"HttpMessageTest.ParseSimpleGetRequest" time elapsed: 00:00:00
----------------------------------------------------------

2/10 Testing: HttpMessageTest.ParseSimpleOkResponse
2/10 Test: HttpMessageTest.ParseSimpleOkResponse
Command: "/home/zav/Projects/http_cs/build/http_tests" "--gtest_filter=HttpMessageTest.ParseSimpleOkResponse" "--gtest_also_run_disabled_tests"
Directory: /home/zav/Projects/http_cs/build
"HttpMessageTest.ParseSimpleOkResponse" start time: Nov 21 03:23 UTC
Output:
----------------------------------------------------------
Running main() from /home/zav/Projects/http_cs/build/_deps/googletest-src/googletest/src/gtest_main.cc
Note: Google Test filter = HttpMessageTest.ParseSimpleOkResponse
[==========] Running 1 test from 1 test suite.
[----------] Global test environment set-up.
[----------] 1 test from HttpMessageTest
[ RUN      ] HttpMessageTest.ParseSimpleOkResponse
[       OK ] HttpMessageTest.ParseSimpleOkResponse (0 ms)
[----------] 1 test from HttpMessageTest (0 ms total)

[----------] Global test environment tear-down
[==========] 1 test from 1 test suite ran. (0 ms total)
[  PASSED  ] 1 test.
<end of output>
Test time =   0.00 sec
----------------------------------------------------------
Test Passed.
"HttpMessageTest.ParseSimpleOkResponse" end time: Nov 21 03:23 UTC
"HttpMessageTest.ParseSimpleOkResponse" time elapsed: 00:00:00
----------------------------------------------------------

3/10 Testing: HttpMessageTest.ResponseSetHeaderOverwrites
3/10 Test: HttpMessageTest.ResponseSetHeaderOverwrites
Command: "/home/zav/Projects/http_cs/build/http_tests" "--gtest_filter=HttpMessageTest.ResponseSetHeaderOverwrites" "--gtest_also_run_disabled_tests"
Directory: /home/zav/Projects/http_cs/build
"HttpMessageTest.ResponseSetHeaderOverwrites" start time: Nov 21 03:23 UTC
Output:
----------------------------------------------------------
Running main() from /home/zav/Projects/http_cs/build/_deps/googletest-src/googletest/src/gtest_main.cc
Note: Google Test filter = HttpMessageTest.ResponseSetHeaderOverwrites
[==========] Running 1 test from 1 test suite.
[----------] Global test environment set-up.
[----------] 1 test from HttpMessageTest
[ RUN      ] HttpMessageTest.ResponseSetHeaderOverwrites
[       OK ] HttpMessageTest.ResponseSetHeaderOverwrites (0 ms)
[----------] 1 test from HttpMessageTest (0 ms total)

[----------] Global test environment tear-down
[==========] 1 test from 1 test suite ran. (0 ms total)
[  PASSED  ] 1 test.
<end of output>
Test time =   0.00 sec
----------------------------------------------------------
Test Passed.
"HttpMessageTest.ResponseSetHeaderOverwrites" end time: Nov 21 03:23 UTC
"HttpMessageTest.ResponseSetHeaderOverwrites" time elapsed: 00:00:00
----------------------------------------------------------

4/10 Testing: HttpMessageTest.RejectsRequestWithNoCRLF
4/10 Test: HttpMessageTest.RejectsRequestWithNoCRLF
Command: "/home/zav/Projects/http_cs/build/http_tests" "--gtest_filter=HttpMessageTest.RejectsRequestWithNoCRLF" "--gtest_also_run_disabled_tests"
Directory: /home/zav/Projects/http_cs/build
"HttpMessageTest.RejectsRequestWithNoCRLF" start time: Nov 21 03:23 UTC
Output:
----------------------------------------------------------
Running main() from /home/zav/Projects/http_cs/build/_deps/googletest-src/googletest/src/gtest_main.cc
Note: Google Test filter = HttpMessageTest.RejectsRequestWithNoCRLF
[==========] Running 1 test from 1 test suite.
[----------] Global test environment set-up.
[----------] 1 test from HttpMessageTest
[ RUN      ] HttpMessageTest.RejectsRequestWithNoCRLF
[       OK ] HttpMessageTest.RejectsRequestWithNoCRLF (0 ms)
[----------] 1 test from HttpMessageTest (0 ms total)

[----------] Global test environment tear-down
[==========] 1 test from 1 test suite ran. (0 ms total)
[  PASSED  ] 1 test.
<end of output>
Test time =   0.00 sec
----------------------------------------------------------
Test Passed.
"HttpMessageTest.RejectsRequestWithNoCRLF" end time: Nov 21 03:23 UTC
"HttpMessageTest.RejectsRequestWithNoCRLF" time elapsed: 00:00:00
----------------------------------------------------------

5/10 Testing: HttpMessageTest.RejectsRequestWithMissingSecondSpace
5/10 Test: HttpMessageTest.RejectsRequestWithMissingSecondSpace
Command: "/home/zav/Projects/http_cs/build/http_tests" "--gtest_filter=HttpMessageTest.RejectsRequestWithMissingSecondSpace" "--gtest_also_run_disabled_tests"
Directory: /home/zav/Projects/http_cs/build
"HttpMessageTest.RejectsRequestWithMissingSecondSpace" start time: Nov 21 03:23 UTC
Output:
----------------------------------------------------------
Running main() from /home/zav/Projects/http_cs/build/_deps/googletest-src/googletest/src/gtest_main.cc
Note: Google Test filter = HttpMessageTest.RejectsRequestWithMissingSecondSpace
[==========] Running 1 test from 1 test suite.
[----------] Global test environment set-up.
[----------] 1 test from HttpMessageTest
[ RUN      ] HttpMessageTest.RejectsRequestWithMissingSecondSpace
[       OK ] HttpMessageTest.RejectsRequestWithMissingSecondSpace (0 ms)
[----------] 1 test from HttpMessageTest (0 ms total)

[----------] Global test environment tear-down
[==========] 1 test from 1 test suite ran. (0 ms total)
[  PASSED  ] 1 test.
<end of output>
Test time =   0.00 sec
----------------------------------------------------------
Test Passed.
"HttpMessageTest.RejectsRequestWithMissingSecondSpace" end time: Nov 21 03:23 UTC
"HttpMessageTest.RejectsRequestWithMissingSecondSpace" time elapsed: 00:00:00
----------------------------------------------------------

6/10 Testing: HttpMessageTest.RejectsResponseWithNoCRLF
6/10 Test: HttpMessageTest.RejectsResponseWithNoCRLF
Command: "/home/zav/Projects/http_cs/build/http_tests" "--gtest_filter=HttpMessageTest.RejectsResponseWithNoCRLF" "--gtest_also_run_disabled_tests"
Directory: /home/zav/Projects/http_cs/build
"HttpMessageTest.RejectsResponseWithNoCRLF" start time: Nov 21 03:23 UTC
Output:
----------------------------------------------------------
Running main() from /home/zav/Projects/http_cs/build/_deps/googletest-src/googletest/src/gtest_main.cc
Note: Google Test filter = HttpMessageTest.RejectsResponseWithNoCRLF
[==========] Running 1 test from 1 test suite.
[----------] Global test environment set-up.
[----------] 1 test from HttpMessageTest
[ RUN      ] HttpMessageTest.RejectsResponseWithNoCRLF
[       OK ] HttpMessageTest.RejectsResponseWithNoCRLF (0 ms)
[----------] 1 test from HttpMessageTest (0 ms total)

[----------] Global test environment tear-down
[==========] 1 test from 1 test suite ran. (0 ms total)
[  PASSED  ] 1 test.
<end of output>
Test time =   0.00 sec
----------------------------------------------------------
Test Passed.
"HttpMessageTest.RejectsResponseWithNoCRLF" end time: Nov 21 03:23 UTC
"HttpMessageTest.RejectsResponseWithNoCRLF" time elapsed: 00:00:00
----------------------------------------------------------

7/10 Testing: HttpMessageTest.RejectsResponseWithNonNumericStatusCode
7/10 Test: HttpMessageTest.RejectsResponseWithNonNumericStatusCode
Command: "/home/zav/Projects/http_cs/build/http_tests" "--gtest_filter=HttpMessageTest.RejectsResponseWithNonNumericStatusCode" "--gtest_also_run_disabled_tests"
Directory: /home/zav/Projects/http_cs/build
"HttpMessageTest.RejectsResponseWithNonNumericStatusCode" start time: Nov 21 03:23 UTC
Output:
----------------------------------------------------------
Running main() from /home/zav/Projects/http_cs/build/_deps/googletest-src/googletest/src/gtest_main.cc
Note: Google Test filter = HttpMessageTest.RejectsResponseWithNonNumericStatusCode
[==========] Running 1 test from 1 test suite.
[----------] Global test environment set-up.
[----------] 1 test from HttpMessageTest
[ RUN      ] HttpMessageTest.RejectsResponseWithNonNumericStatusCode
[       OK ] HttpMessageTest.RejectsResponseWithNonNumericStatusCode (0 ms)
[----------] 1 test from HttpMessageTest (0 ms total)

[----------] Global test environment tear-down
[==========] 1 test from 1 test suite ran. (0 ms total)
[  PASSED  ] 1 test.
<end of output>
Test time =   0.00 sec
----------------------------------------------------------
Test Passed.
"HttpMessageTest.RejectsResponseWithNonNumericStatusCode" end time: Nov 21 03:23 UTC
"HttpMessageTest.RejectsResponseWithNonNumericStatusCode" time elapsed: 00:00:00
----------------------------------------------------------

8/10 Testing: HttpMessageTest.HeaderValueLookupIsNameExactMatch
8/10 Test: HttpMessageTest.HeaderValueLookupIsNameExactMatch
Command: "/home/zav/Projects/http_cs/build/http_tests" "--gtest_filter=HttpMessageTest.HeaderValueLookupIsNameExactMatch" "--gtest_also_run_disabled_tests"
Directory: /home/zav/Projects/http_cs/build
"HttpMessageTest.HeaderValueLookupIsNameExactMatch" start time: Nov 21 03:23 UTC
Output:
----------------------------------------------------------
Running main() from /home/zav/Projects/http_cs/build/_deps/googletest-src/googletest/src/gtest_main.cc
Note: Google Test filter = HttpMessageTest.HeaderValueLookupIsNameExactMatch
[==========] Running 1 test from 1 test suite.
[----------] Global test environment set-up.
[----------] 1 test from HttpMessageTest
[ RUN      ] HttpMessageTest.HeaderValueLookupIsNameExactMatch
[       OK ] HttpMessageTest.HeaderValueLookupIsNameExactMatch (0 ms)
[----------] 1 test from HttpMessageTest (0 ms total)

[----------] Global test environment tear-down
[==========] 1 test from 1 test suite ran. (0 ms total)
[  PASSED  ] 1 test.
<end of output>
Test time =   0.00 sec
----------------------------------------------------------
Test Passed.
"HttpMessageTest.HeaderValueLookupIsNameExactMatch" end time: Nov 21 03:23 UTC
"HttpMessageTest.HeaderValueLookupIsNameExactMatch" time elapsed: 00:00:00
----------------------------------------------------------

9/10 Testing: HttpMessageTest.RejectsResponseWithNoBlankLineAfterHeaders
9/10 Test: HttpMessageTest.RejectsResponseWithNoBlankLineAfterHeaders
Command: "/home/zav/Projects/http_cs/build/http_tests" "--gtest_filter=HttpMessageTest.RejectsResponseWithNoBlankLineAfterHeaders" "--gtest_also_run_disabled_tests"
Directory: /home/zav/Projects/http_cs/build
"HttpMessageTest.RejectsResponseWithNoBlankLineAfterHeaders" start time: Nov 21 03:23 UTC
Output:
----------------------------------------------------------
Running main() from /home/zav/Projects/http_cs/build/_deps/googletest-src/googletest/src/gtest_main.cc
Note: Google Test filter = HttpMessageTest.RejectsResponseWithNoBlankLineAfterHeaders
[==========] Running 1 test from 1 test suite.
[----------] Global test environment set-up.
[----------] 1 test from HttpMessageTest
[ RUN      ] HttpMessageTest.RejectsResponseWithNoBlankLineAfterHeaders
[       OK ] HttpMessageTest.RejectsResponseWithNoBlankLineAfterHeaders (0 ms)
[----------] 1 test from HttpMessageTest (0 ms total)

[----------] Global test environment tear-down
[==========] 1 test from 1 test suite ran. (0 ms total)
[  PASSED  ] 1 test.
<end of output>
Test time =   0.00 sec
----------------------------------------------------------
Test Passed.
"HttpMessageTest.RejectsResponseWithNoBlankLineAfterHeaders" end time: Nov 21 03:23 UTC
"HttpMessageTest.RejectsResponseWithNoBlankLineAfterHeaders" time elapsed: 00:00:00
----------------------------------------------------------

10/10 Testing: HttpMessageTest.RejectsRequestWithTooLargeHeaders
10/10 Test: HttpMessageTest.RejectsRequestWithTooLargeHeaders
Command: "/home/zav/Projects/http_cs/build/http_tests" "--gtest_filter=HttpMessageTest.RejectsRequestWithTooLargeHeaders" "--gtest_also_run_disabled_tests"
Directory: /home/zav/Projects/http_cs/build
"HttpMessageTest.RejectsRequestWithTooLargeHeaders" start time: Nov 21 03:23 UTC
Output:
----------------------------------------------------------
Running main() from /home/zav/Projects/http_cs/build/_deps/googletest-src/googletest/src/gtest_main.cc
Note: Google Test filter = HttpMessageTest.RejectsRequestWithTooLargeHeaders
[==========] Running 1 test from 1 test suite.
[----------] Global test environment set-up.
[----------] 1 test from HttpMessageTest
[ RUN      ] HttpMessageTest.RejectsRequestWithTooLargeHeaders
[       OK ] HttpMessageTest.RejectsRequestWithTooLargeHeaders (0 ms)
[----------] 1 test from HttpMessageTest (0 ms total)

[----------] Global test environment tear-down
[==========] 1 test from 1 test suite ran. (0 ms total)
[  PASSED  ] 1 test.
<end of output>
Test time =   0.00 sec
----------------------------------------------------------
Test Passed.
"HttpMessageTest.RejectsRequestWithTooLargeHeaders" end time: Nov 21 03:23 UTC
"HttpMessageTest.RejectsRequestWithTooLargeHeaders" time elapsed: 00:00:00
----------------------------------------------------------

End testing: Nov 21 03:23 UTC
